<?xml version="1.0" encoding="UTF-8"?>
<!-- Generated by org.testng.reporters.JUnitReportReporter -->
<testsuite skipped="0" hostname="DESKTOP-JI35MEQ" name="tests.LoginTest" tests="4" failures="0" timestamp="2019-12-03T21:43:50 CET" time="37.387" errors="0">
  <testcase name="basicLogin" time="14.775" classname="tests.LoginTest"/>
  <testcase name="dashboardTest" time="0.120" classname="tests.LoginTest"/>
  <testcase name="addEmployeeTest" time="11.955" classname="tests.LoginTest"/>
  <testcase name="goProfileSettings" time="10.537" classname="tests.LoginTest"/>
</testsuite> <!-- tests.LoginTest -->
